<?xml version="1.0" encoding="UTF-8"?>
<testng-results ignored="0" total="1" passed="1" failed="0" skipped="0">
  <reporter-output>
  </reporter-output>
  <suite started-at="2022-09-28T19:14:34 IST" name="Default suite" finished-at="2022-09-28T19:14:49 IST" duration-ms="15270">
    <groups>
    </groups>
    <test started-at="2022-09-28T19:14:34 IST" name="Default test" finished-at="2022-09-28T19:14:49 IST" duration-ms="15270">
      <class name="test_Cases.TextValidation">
        <test-method is-config="true" signature="lanchBrowser()[pri:0, instance:test_Cases.TextValidation@6fd83fc1]" started-at="2022-09-28T19:14:32 IST" name="lanchBrowser" finished-at="2022-09-28T19:14:34 IST" duration-ms="2379" status="PASS">
          <reporter-output>
          </reporter-output>
        </test-method> <!-- lanchBrowser -->
        <test-method signature="verifyText()[pri:0, instance:test_Cases.TextValidation@6fd83fc1]" started-at="2022-09-28T19:14:34 IST" name="verifyText" finished-at="2022-09-28T19:14:49 IST" duration-ms="15219" status="PASS">
          <reporter-output>
          </reporter-output>
        </test-method> <!-- verifyText -->
      </class> <!-- test_Cases.TextValidation -->
    </test> <!-- Default test -->
  </suite> <!-- Default suite -->
</testng-results>
